已經開始建置於 4/23/2014 8:33:17 PM。
     1>節點 2 (build 目標) 上的專案 "C:\Program Files (x86)\Intel\PCSDK\sample\depth_smoothing\depth_smoothing_vs2010.vcxproj"。
     1>InitializeBuildStatus:
         由於指定了 "AlwaysCreate"，因此正在建立 "build/Win32_Release/depth_smoothing/depth_smoothing.unsuccessfulbuild"。
       ClCompile:
         c:\Program Files (x86)\Microsoft Visual Studio 10.0\VC\bin\CL.exe /c /I. /Iinclude /Ires /I../common/include /I../../include /I"C:\Program Files (x86)\Intel\PCSDK\/include" /I"C:\Program Files (x86)\Intel\PCSDK\/sample/common/include" /Z7 /nologo /W3 /WX- /O2 /Oy- /D WIN32 /D NDEBUG /D _CONSOLE /D _WIN32_WINNT=0x0600 /D _UNICODE /D UNICODE /Gm- /EHsc /MT /GS /fp:precise /Zc:wchar_t /Zc:forScope /Fo"build/Win32_Release/depth_smoothing/" /Gd /TP /analyze- /errorReport:prompt src\depth_smoothing.cpp
         depth_smoothing.cpp
       Link:
         c:\Program Files (x86)\Microsoft Visual Studio 10.0\VC\bin\link.exe /ERRORREPORT:PROMPT /OUT:"bin/Win32/depth_smoothing.exe" /INCREMENTAL:NO /NOLOGO /LIBPATH:../common/lib/Win32/v100 /LIBPATH:../../lib/Win32 /LIBPATH:"C:\Program Files (x86)\Intel\PCSDK\/lib/Win32" /LIBPATH:"C:\Program Files (x86)\Intel\PCSDK\/sample/common/lib/Win32/v100" kernel32.lib user32.lib gdi32.lib winspool.lib comdlg32.lib advapi32.lib shell32.lib ole32.lib oleaut32.lib uuid.lib odbc32.lib odbccp32.lib /MANIFEST /ManifestFile:"build/Win32_Release/depth_smoothing/depth_smoothing.exe.intermediate.manifest" /MANIFESTUAC:"level='asInvoker' uiAccess='false'" /DEBUG /PDB:"C:\Program Files (x86)\Intel\PCSDK\sample\depth_smoothing\bin\Win32\depth_smoothing.pdb" /SUBSYSTEM:CONSOLE /TLBID:1 /DYNAMICBASE /NXCOMPAT /IMPLIB:"bin/Win32/depth_smoothing.lib" /MACHINE:X86 build/Win32_Release/depth_smoothing/depth_smoothing.obj
     1>depth_smoothing.obj : error LNK2019: 無法解析的外部符號 "public: virtual __thiscall UtilPipelineRaw::~UtilPipelineRaw(void)" (??1UtilPipelineRaw@@UAE@XZ) 在函式 "public: virtual __thiscall UtilPipeline::~UtilPipeline(void)" (??1UtilPipeline@@UAE@XZ) 中被參考
     1>depth_smoothing.obj : error LNK2019: 無法解析的外部符號 "public: __thiscall UtilPipelineRaw::UtilPipelineRaw(class PXCSession *,wchar_t const *,bool,unsigned int,class UtilPipelineStackable *)" (??0UtilPipelineRaw@@QAE@PAVPXCSession@@PB_W_NIPAVUtilPipelineStackable@@@Z) 在函式 "public: __thiscall UtilPipeline::UtilPipeline(class PXCSession *,wchar_t const *,bool)" (??0UtilPipeline@@QAE@PAVPXCSession@@PB_W_N@Z) 中被參考
     1>depth_smoothing.obj : error LNK2019: 無法解析的外部符號 "public: __thiscall UtilPipelineFace::UtilPipelineFace(class UtilPipelineStackable *)" (??0UtilPipelineFace@@QAE@PAVUtilPipelineStackable@@@Z) 在函式 "public: __thiscall UtilPipeline::UtilPipeline(class PXCSession *,wchar_t const *,bool)" (??0UtilPipeline@@QAE@PAVPXCSession@@PB_W_N@Z) 中被參考
     1>depth_smoothing.obj : error LNK2019: 無法解析的外部符號 "public: __thiscall UtilPipelineGesture::UtilPipelineGesture(class UtilPipelineStackable *)" (??0UtilPipelineGesture@@QAE@PAVUtilPipelineStackable@@@Z) 在函式 "public: __thiscall UtilPipeline::UtilPipeline(class PXCSession *,wchar_t const *,bool)" (??0UtilPipeline@@QAE@PAVPXCSession@@PB_W_N@Z) 中被參考
     1>depth_smoothing.obj : error LNK2019: 無法解析的外部符號 "public: __thiscall UtilPipelineVoice::UtilPipelineVoice(class UtilPipelineStackable *)" (??0UtilPipelineVoice@@QAE@PAVUtilPipelineStackable@@@Z) 在函式 "public: __thiscall UtilPipeline::UtilPipeline(class PXCSession *,wchar_t const *,bool)" (??0UtilPipeline@@QAE@PAVPXCSession@@PB_W_N@Z) 中被參考
     1>depth_smoothing.obj : error LNK2019: 無法解析的外部符號 "public: __thiscall UtilPipelineSegmentation::UtilPipelineSegmentation(class UtilPipelineStackable *)" (??0UtilPipelineSegmentation@@QAE@PAVUtilPipelineStackable@@@Z) 在函式 "public: __thiscall UtilPipeline::UtilPipeline(class PXCSession *,wchar_t const *,bool)" (??0UtilPipeline@@QAE@PAVPXCSession@@PB_W_N@Z) 中被參考
     1>depth_smoothing.obj : error LNK2001: 無法解析的外部符號 "protected: virtual bool __thiscall UtilPipelineFace::StackableCreate(class PXCSession *)" (?StackableCreate@UtilPipelineFace@@MAE_NPAVPXCSession@@@Z)
     1>depth_smoothing.obj : error LNK2001: 無法解析的外部符號 "protected: virtual void __thiscall UtilPipelineFace::StackableCleanUp(void)" (?StackableCleanUp@UtilPipelineFace@@MAEXXZ)
     1>depth_smoothing.obj : error LNK2001: 無法解析的外部符號 "protected: virtual bool __thiscall UtilPipelineFace::StackableSetProfile(class UtilCapture *)" (?StackableSetProfile@UtilPipelineFace@@MAE_NPAVUtilCapture@@@Z)
     1>depth_smoothing.obj : error LNK2001: 無法解析的外部符號 "protected: virtual enum pxcStatus __thiscall UtilPipelineFace::StackableSearchProfiles(class UtilCapture *,class std::vector<struct PXCCapture::VideoStream::DataDesc *,class std::allocator<struct PXCCapture::VideoStream::DataDesc *> > &,int,class std::vector<struct PXCCapture::AudioStream::DataDesc *,class std::allocator<struct PXCCapture::AudioStream::DataDesc *> > &,int)" (?StackableSearchProfiles@UtilPipelineFace@@MAE?AW4pxcStatus@@PAVUtilCapture@@AAV?$vector@PAUDataDesc@VideoStream@PXCCapture@@V?$allocator@PAUDataDesc@VideoStream@PXCCapture@@@std@@@std@@HAAV?$vector@PAUDataDesc@AudioStream@PXCCapture@@V?$allocator@PAUDataDesc@AudioStream@PXCCapture@@@std@@@5@H@Z)
     1>depth_smoothing.obj : error LNK2001: 無法解析的外部符號 "protected: virtual bool __thiscall UtilPipelineFace::StackableReadSample(class UtilCapture *,class PXCSmartArray<class PXCImage> &,class PXCSmartSPArray &,unsigned int)" (?StackableReadSample@UtilPipelineFace@@MAE_NPAVUtilCapture@@AAV?$PXCSmartArray@VPXCImage@@@@AAVPXCSmartSPArray@@I@Z)
     1>depth_smoothing.obj : error LNK2001: 無法解析的外部符號 "public: virtual void __thiscall UtilPipelineFace::EnableFaceLocation(wchar_t *)" (?EnableFaceLocation@UtilPipelineFace@@UAEXPA_W@Z)
     1>depth_smoothing.obj : error LNK2001: 無法解析的外部符號 "public: virtual void __thiscall UtilPipelineFace::EnableFaceLocation(int)" (?EnableFaceLocation@UtilPipelineFace@@UAEXH@Z)
     1>depth_smoothing.obj : error LNK2001: 無法解析的外部符號 "public: virtual void __thiscall UtilPipelineFace::EnableFaceLandmark(wchar_t *)" (?EnableFaceLandmark@UtilPipelineFace@@UAEXPA_W@Z)
     1>depth_smoothing.obj : error LNK2001: 無法解析的外部符號 "public: virtual void __thiscall UtilPipelineFace::EnableFaceLandmark(int)" (?EnableFaceLandmark@UtilPipelineFace@@UAEXH@Z)
     1>depth_smoothing.obj : error LNK2001: 無法解析的外部符號 "protected: virtual bool __thiscall UtilPipelineSegmentation::StackableCreate(class PXCSession *)" (?StackableCreate@UtilPipelineSegmentation@@MAE_NPAVPXCSession@@@Z)
     1>depth_smoothing.obj : error LNK2001: 無法解析的外部符號 "protected: virtual void __thiscall UtilPipelineSegmentation::StackableCleanUp(void)" (?StackableCleanUp@UtilPipelineSegmentation@@MAEXXZ)
     1>depth_smoothing.obj : error LNK2001: 無法解析的外部符號 "protected: virtual bool __thiscall UtilPipelineSegmentation::StackableSetProfile(class UtilCapture *)" (?StackableSetProfile@UtilPipelineSegmentation@@MAE_NPAVUtilCapture@@@Z)
     1>depth_smoothing.obj : error LNK2001: 無法解析的外部符號 "protected: virtual enum pxcStatus __thiscall UtilPipelineSegmentation::StackableSearchProfiles(class UtilCapture *,class std::vector<struct PXCCapture::VideoStream::DataDesc *,class std::allocator<struct PXCCapture::VideoStream::DataDesc *> > &,int,class std::vector<struct PXCCapture::AudioStream::DataDesc *,class std::allocator<struct PXCCapture::AudioStream::DataDesc *> > &,int)" (?StackableSearchProfiles@UtilPipelineSegmentation@@MAE?AW4pxcStatus@@PAVUtilCapture@@AAV?$vector@PAUDataDesc@VideoStream@PXCCapture@@V?$allocator@PAUDataDesc@VideoStream@PXCCapture@@@std@@@std@@HAAV?$vector@PAUDataDesc@AudioStream@PXCCapture@@V?$allocator@PAUDataDesc@AudioStream@PXCCapture@@@std@@@5@H@Z)
     1>depth_smoothing.obj : error LNK2001: 無法解析的外部符號 "protected: virtual bool __thiscall UtilPipelineSegmentation::StackableReadSample(class UtilCapture *,class PXCSmartArray<class PXCImage> &,class PXCSmartSPArray &,unsigned int)" (?StackableReadSample@UtilPipelineSegmentation@@MAE_NPAVUtilCapture@@AAV?$PXCSmartArray@VPXCImage@@@@AAVPXCSmartSPArray@@I@Z)
     1>depth_smoothing.obj : error LNK2001: 無法解析的外部符號 "public: virtual void __thiscall UtilPipelineSegmentation::EnableSegmentation(wchar_t *)" (?EnableSegmentation@UtilPipelineSegmentation@@UAEXPA_W@Z)
     1>depth_smoothing.obj : error LNK2001: 無法解析的外部符號 "public: virtual void __thiscall UtilPipelineSegmentation::EnableSegmentation(int)" (?EnableSegmentation@UtilPipelineSegmentation@@UAEXH@Z)
     1>depth_smoothing.obj : error LNK2001: 無法解析的外部符號 "public: virtual void __thiscall UtilPipelineSegmentation::SetSegmentationBlendMode(enum PXCSegmentation::BlendMode)" (?SetSegmentationBlendMode@UtilPipelineSegmentation@@UAEXW4BlendMode@PXCSegmentation@@@Z)
     1>depth_smoothing.obj : error LNK2001: 無法解析的外部符號 "public: virtual enum pxcStatus __thiscall UtilPipelineSegmentation::SetSegmentationBGImage(class PXCImage *)" (?SetSegmentationBGImage@UtilPipelineSegmentation@@UAE?AW4pxcStatus@@PAVPXCImage@@@Z)
     1>depth_smoothing.obj : error LNK2001: 無法解析的外部符號 "public: virtual class PXCImage * __thiscall UtilPipelineSegmentation::QuerySegmentationImage(void)" (?QuerySegmentationImage@UtilPipelineSegmentation@@UAEPAVPXCImage@@XZ)
     1>depth_smoothing.obj : error LNK2001: 無法解析的外部符號 "public: virtual class PXCImage * __thiscall UtilPipelineSegmentation::QuerySegmentationBlendedImage(void)" (?QuerySegmentationBlendedImage@UtilPipelineSegmentation@@UAEPAVPXCImage@@XZ)
     1>depth_smoothing.obj : error LNK2001: 無法解析的外部符號 "protected: virtual bool __thiscall UtilPipelineVoice::StackableCreate(class PXCSession *)" (?StackableCreate@UtilPipelineVoice@@MAE_NPAVPXCSession@@@Z)
     1>depth_smoothing.obj : error LNK2001: 無法解析的外部符號 "protected: virtual void __thiscall UtilPipelineVoice::StackableEOF(void)" (?StackableEOF@UtilPipelineVoice@@MAEXXZ)
     1>depth_smoothing.obj : error LNK2001: 無法解析的外部符號 "protected: virtual void __thiscall UtilPipelineVoice::StackableCleanUp(void)" (?StackableCleanUp@UtilPipelineVoice@@MAEXXZ)
     1>depth_smoothing.obj : error LNK2001: 無法解析的外部符號 "protected: virtual bool __thiscall UtilPipelineVoice::StackableSetProfile(class UtilCapture *)" (?StackableSetProfile@UtilPipelineVoice@@MAE_NPAVUtilCapture@@@Z)
     1>depth_smoothing.obj : error LNK2001: 無法解析的外部符號 "protected: virtual enum pxcStatus __thiscall UtilPipelineVoice::StackableSearchProfiles(class UtilCapture *,class std::vector<struct PXCCapture::VideoStream::DataDesc *,class std::allocator<struct PXCCapture::VideoStream::DataDesc *> > &,int,class std::vector<struct PXCCapture::AudioStream::DataDesc *,class std::allocator<struct PXCCapture::AudioStream::DataDesc *> > &,int)" (?StackableSearchProfiles@UtilPipelineVoice@@MAE?AW4pxcStatus@@PAVUtilCapture@@AAV?$vector@PAUDataDesc@VideoStream@PXCCapture@@V?$allocator@PAUDataDesc@VideoStream@PXCCapture@@@std@@@std@@HAAV?$vector@PAUDataDesc@AudioStream@PXCCapture@@V?$allocator@PAUDataDesc@AudioStream@PXCCapture@@@std@@@5@H@Z)
     1>depth_smoothing.obj : error LNK2001: 無法解析的外部符號 "protected: virtual bool __thiscall UtilPipelineVoice::StackableReadSample(class UtilCapture *,class PXCSmartPtr<class PXCAudio> &,class PXCSmartSPArray &,unsigned int)" (?StackableReadSample@UtilPipelineVoice@@MAE_NPAVUtilCapture@@AAV?$PXCSmartPtr@VPXCAudio@@@@AAVPXCSmartSPArray@@I@Z)
     1>depth_smoothing.obj : error LNK2001: 無法解析的外部符號 "public: virtual void __thiscall UtilPipelineVoice::EnableVoiceRecognition(wchar_t const *)" (?EnableVoiceRecognition@UtilPipelineVoice@@UAEXPB_W@Z)
     1>depth_smoothing.obj : error LNK2001: 無法解析的外部符號 "public: virtual void __thiscall UtilPipelineVoice::EnableVoiceRecognition(int)" (?EnableVoiceRecognition@UtilPipelineVoice@@UAEXH@Z)
     1>depth_smoothing.obj : error LNK2001: 無法解析的外部符號 "public: virtual bool __thiscall UtilPipelineVoice::SetVoiceCommands(class std::vector<class std::basic_string<wchar_t,struct std::char_traits<wchar_t>,class std::allocator<wchar_t> >,class std::allocator<class std::basic_string<wchar_t,struct std::char_traits<wchar_t>,class std::allocator<wchar_t> > > > &)" (?SetVoiceCommands@UtilPipelineVoice@@UAE_NAAV?$vector@V?$basic_string@_WU?$char_traits@_W@std@@V?$allocator@_W@2@@std@@V?$allocator@V?$basic_string@_WU?$char_traits@_W@std@@V?$allocator@_W@2@@std@@@2@@std@@@Z)
     1>depth_smoothing.obj : error LNK2001: 無法解析的外部符號 "public: virtual bool __thiscall UtilPipelineVoice::SetVoiceDictation(void)" (?SetVoiceDictation@UtilPipelineVoice@@UAE_NXZ)
     1>depth_smoothing.obj : error LNK2001: 無法解析的外部符號 "protected: virtual bool __thiscall UtilPipelineGesture::StackableCreate(class PXCSession *)" (?StackableCreate@UtilPipelineGesture@@MAE_NPAVPXCSession@@@Z)
     1>depth_smoothing.obj : error LNK2001: 無法解析的外部符號 "protected: virtual void __thiscall UtilPipelineGesture::StackableCleanUp(void)" (?StackableCleanUp@UtilPipelineGesture@@MAEXXZ)
     1>depth_smoothing.obj : error LNK2001: 無法解析的外部符號 "protected: virtual bool __thiscall UtilPipelineGesture::StackableSetProfile(class UtilCapture *)" (?StackableSetProfile@UtilPipelineGesture@@MAE_NPAVUtilCapture@@@Z)
     1>depth_smoothing.obj : error LNK2001: 無法解析的外部符號 "protected: virtual enum pxcStatus __thiscall UtilPipelineGesture::StackableSearchProfiles(class UtilCapture *,class std::vector<struct PXCCapture::VideoStream::DataDesc *,class std::allocator<struct PXCCapture::VideoStream::DataDesc *> > &,int,class std::vector<struct PXCCapture::AudioStream::DataDesc *,class std::allocator<struct PXCCapture::AudioStream::DataDesc *> > &,int)" (?StackableSearchProfiles@UtilPipelineGesture@@MAE?AW4pxcStatus@@PAVUtilCapture@@AAV?$vector@PAUDataDesc@VideoStream@PXCCapture@@V?$allocator@PAUDataDesc@VideoStream@PXCCapture@@@std@@@std@@HAAV?$vector@PAUDataDesc@AudioStream@PXCCapture@@V?$allocator@PAUDataDesc@AudioStream@PXCCapture@@@std@@@5@H@Z)
     1>depth_smoothing.obj : error LNK2001: 無法解析的外部符號 "protected: virtual bool __thiscall UtilPipelineGesture::StackableReadSample(class UtilCapture *,class PXCSmartArray<class PXCImage> &,class PXCSmartSPArray &,unsigned int)" (?StackableReadSample@UtilPipelineGesture@@MAE_NPAVUtilCapture@@AAV?$PXCSmartArray@VPXCImage@@@@AAVPXCSmartSPArray@@I@Z)
     1>depth_smoothing.obj : error LNK2001: 無法解析的外部符號 "public: virtual void __thiscall UtilPipelineGesture::EnableGesture(wchar_t *)" (?EnableGesture@UtilPipelineGesture@@UAEXPA_W@Z)
     1>depth_smoothing.obj : error LNK2001: 無法解析的外部符號 "public: virtual void __thiscall UtilPipelineGesture::EnableGesture(int)" (?EnableGesture@UtilPipelineGesture@@UAEXH@Z)
     1>depth_smoothing.obj : error LNK2001: 無法解析的外部符號 "protected: virtual enum pxcStatus __thiscall UtilPipelineRaw::StackableSearchProfiles(class UtilCapture *,class std::vector<struct PXCCapture::VideoStream::DataDesc *,class std::allocator<struct PXCCapture::VideoStream::DataDesc *> > &,int,class std::vector<struct PXCCapture::AudioStream::DataDesc *,class std::allocator<struct PXCCapture::AudioStream::DataDesc *> > &,int)" (?StackableSearchProfiles@UtilPipelineRaw@@MAE?AW4pxcStatus@@PAVUtilCapture@@AAV?$vector@PAUDataDesc@VideoStream@PXCCapture@@V?$allocator@PAUDataDesc@VideoStream@PXCCapture@@@std@@@std@@HAAV?$vector@PAUDataDesc@AudioStream@PXCCapture@@V?$allocator@PAUDataDesc@AudioStream@PXCCapture@@@std@@@5@H@Z)
     1>depth_smoothing.obj : error LNK2001: 無法解析的外部符號 "public: virtual void __thiscall UtilPipelineRaw::EnableImage(int,unsigned int,unsigned int)" (?EnableImage@UtilPipelineRaw@@UAEXHII@Z)
     1>depth_smoothing.obj : error LNK2001: 無法解析的外部符號 "public: virtual void __thiscall UtilPipelineRaw::EnableAudio(int,unsigned int,unsigned int)" (?EnableAudio@UtilPipelineRaw@@UAEXHII@Z)
     1>depth_smoothing.obj : error LNK2001: 無法解析的外部符號 "public: virtual bool __thiscall UtilPipelineRaw::OnDisconnect(void)" (?OnDisconnect@UtilPipelineRaw@@UAE_NXZ)
     1>depth_smoothing.obj : error LNK2001: 無法解析的外部符號 "public: virtual bool __thiscall UtilPipelineRaw::QueryImageSize(int,unsigned int &,unsigned int &)" (?QueryImageSize@UtilPipelineRaw@@UAE_NHAAI0@Z)
     1>depth_smoothing.obj : error LNK2001: 無法解析的外部符號 "public: virtual bool __thiscall UtilPipelineRaw::Init(void)" (?Init@UtilPipelineRaw@@UAE_NXZ)
     1>depth_smoothing.obj : error LNK2001: 無法解析的外部符號 "public: virtual bool __thiscall UtilPipelineRaw::AcquireFrame(bool)" (?AcquireFrame@UtilPipelineRaw@@UAE_N_N@Z)
     1>depth_smoothing.obj : error LNK2001: 無法解析的外部符號 "public: virtual bool __thiscall UtilPipelineRaw::ReleaseFrame(void)" (?ReleaseFrame@UtilPipelineRaw@@UAE_NXZ)
     1>depth_smoothing.obj : error LNK2001: 無法解析的外部符號 "public: virtual void __thiscall UtilPipelineRaw::Close(void)" (?Close@UtilPipelineRaw@@UAEXXZ)
     1>depth_smoothing.obj : error LNK2001: 無法解析的外部符號 "public: virtual bool __thiscall UtilPipelineRaw::LoopFrames(void)" (?LoopFrames@UtilPipelineRaw@@UAE_NXZ)
     1>depth_smoothing.obj : error LNK2019: 無法解析的外部符號 "public: bool __thiscall UtilRender::RenderFrame(class PXCImage *)" (?RenderFrame@UtilRender@@QAE_NPAVPXCImage@@@Z) 在函式 _wmain 中被參考
     1>depth_smoothing.obj : error LNK2019: 無法解析的外部符號 "public: virtual __thiscall UtilRender::~UtilRender(void)" (??1UtilRender@@UAE@XZ) 在函式 _wmain 中被參考
     1>depth_smoothing.obj : error LNK2019: 無法解析的外部符號 "public: __thiscall UtilRender::UtilRender(wchar_t *)" (??0UtilRender@@QAE@PA_W@Z) 在函式 _wmain 中被參考
     1>bin/Win32/depth_smoothing.exe : fatal error LNK1120: 56 個無法解析的外部符號
     1>專案 "C:\Program Files (x86)\Intel\PCSDK\sample\depth_smoothing\depth_smoothing_vs2010.vcxproj" (build 目標) 建置完成 -- 失敗。

建置失敗。

經過時間 00:00:01.18
