已經開始建置於 4/23/2014 8:06:36 PM。
     1>節點 2 (build 目標) 上的專案 "C:\Program Files (x86)\Intel\PCSDK\sample\depth_smoothing\depth_smoothing_vs2010.vcxproj"。
     1>PrepareForBuild:
         正在建立目錄 "bin/x64/"。
       InitializeBuildStatus:
         由於指定了 "AlwaysCreate"，因此正在建立 "build/x64_Debug/depth_smoothing/depth_smoothing.unsuccessfulbuild"。
       ClCompile:
         c:\Program Files (x86)\Microsoft Visual Studio 10.0\VC\bin\x86_amd64\CL.exe /c /I. /Iinclude /Ires /I../common/include /I../../include /I"C:\Program Files (x86)\Intel\PCSDK\/include" /I"C:\Program Files (x86)\Intel\PCSDK\/sample/common/include" /Z7 /nologo /W3 /WX- /Od /D WIN64 /D _DEBUG /D _CONSOLE /D _WIN64_WINNT=0x0600 /D _UNICODE /D UNICODE /Gm- /EHsc /MTd /GS /fp:precise /Zc:wchar_t /Zc:forScope /Fo"build/x64_Debug/depth_smoothing/" /Gd /TP /errorReport:prompt src\depth_smoothing.cpp
         depth_smoothing.cpp
       Link:
         c:\Program Files (x86)\Microsoft Visual Studio 10.0\VC\bin\x86_amd64\link.exe /ERRORREPORT:PROMPT /OUT:"bin/x64/depth_smoothing_d.exe" /INCREMENTAL:NO /NOLOGO /LIBPATH:../common/lib/x64/v100 /LIBPATH:../../lib/x64 /LIBPATH:"C:\Program Files (x86)\Intel\PCSDK\/lib/x64" /LIBPATH:"C:\Program Files (x86)\Intel\PCSDK\/sample/common/lib/x64/v100" libpxc_d.lib libpxcutils_d.lib kernel32.lib user32.lib gdi32.lib winspool.lib comdlg32.lib advapi32.lib shell32.lib ole32.lib oleaut32.lib uuid.lib odbc32.lib odbccp32.lib /MANIFEST /ManifestFile:"build/x64_Debug/depth_smoothing/depth_smoothing_d.exe.intermediate.manifest" /MANIFESTUAC:"level='asInvoker' uiAccess='false'" /DEBUG /PDB:"C:\Program Files (x86)\Intel\PCSDK\sample\depth_smoothing\bin\x64\depth_smoothing_d.pdb" /SUBSYSTEM:CONSOLE /TLBID:1 /DYNAMICBASE /NXCOMPAT /IMPLIB:"bin/x64/depth_smoothing_d.lib" /MACHINE:X64 build/x64_Debug/depth_smoothing/depth_smoothing.obj
         depth_smoothing_vs2010.vcxproj -> C:\Program Files (x86)\Intel\PCSDK\sample\depth_smoothing\bin/x64/depth_smoothing_d.exe
       Manifest:
         C:\Program Files (x86)\Microsoft SDKs\Windows\v7.0A\bin\mt.exe /nologo /verbose /outputresource:"bin/x64/depth_smoothing_d.exe;#1" /manifest build/x64_Debug/depth_smoothing/depth_smoothing_d.exe.intermediate.manifest
       FinalizeBuildStatus:
         正在刪除檔案 "build/x64_Debug/depth_smoothing/depth_smoothing.unsuccessfulbuild"。
         正在變更時間戳記 "build/x64_Debug/depth_smoothing/depth_smoothing.lastbuildstate"。
     1>專案 "C:\Program Files (x86)\Intel\PCSDK\sample\depth_smoothing\depth_smoothing_vs2010.vcxproj" (build 目標) 建置完成。

建置成功。

經過時間 00:00:02.33
